 -----------------------------------------------------------------------
  W            W            W              TTTTTTTTTTTTTTTTTTTT         
   W          W W          W                        TT                  
    W        W   W        W                         TT                  
     W      W     W      W                          TT                  
      W    W       W    W                           TT                  
       W  W         W  W                            TT                  
        WW           WW                             TT                  
        W             W                             TT                  
                                                                        
                        Welcome to WannierTools.                       
                             Version 2.6.1     
                   Tools for novel topological materials.               
                          Enjoy it and good luck.                       
                           Author : QuanSheng Wu                        
                        Email : wuquansheng@gmail.com                   
               Find more information on www.wanniertools.com            
 =======================================================================
                                                                        
 You are using    16 CPU cores
  
   
 >>>Read some paramters from wt.in
 You are using : TB     model
 Tight-binding Hamiltonian FROM: Hr File
 Is_Sparse_Hr=  F
 Tight-binding Hamiltonian filename: wannier90_hr.dat         
 System of particle: electron                 
 Tight-binding Hamiltonian obtained from : VASP                     
   
 >>>Control parameters: 
 BulkBand_line_calc                :  F
 BulkBand_plane_calc               :  F
 Landaulevel_unfold_line_calc      :  F
 BulkBand_unfold_line_calc         :  F
 BulkBand_unfold_plane_calc        :  F
 QPI_unfold_plane_calc             :  F
 BulkFatBand_calc                  :  F
 BulkBand_cube_calc                :  F
 BulkFS_calc                       :  F
 BulkFS_Plane_calc                 :  F
 BulkFS_plane_stack_calc           :  F
 BulkGap_cube_calc                 :  F
 BulkGap_plane_calc                :  F
 SlabBand_calc                     :  F
 SlabBandWaveFunc_calc             :  F
 SlabSS_calc                       :  F
 SlabArc_calc                      :  F
 SlabSpintexture_calc              :  F
 wanniercenter_calc                :  T
 BerryPhase_calc                   :  F
 BerryCurvature_calc               :  F
 BerryCurvature_EF_calc            :  F
 BerryCurvature_kpath_EF_calc      :  F
 BerryCurvature_kpath_Occupied_calc:  F
 BerryCurvature_Cube_calc          :  F
 BerryCurvature_slab_calc          :  F
 Dos_calc                          :  F
 Z2_3D_calc                        :  F
 WeylChirality_calc                :  F
 NLChirality_calc                  :  F
 Chern_3D_calc                     :  F
 MirrorChern_calc                  :  F
 JDos_calc                         :  F
 FindNodes_calc                    :  F
 EffectiveMass_calc                :  F
 AHC_calc                          :  F
 Boltz_OHE_calc                    :  F
 Boltz_Berry_correction            :  F
 LOTO_correction                   :  F
 OrbitalTexture_calc               :  F
 OrbitalTexture_3D_calc            :  F
 LandauLevel_k_calc                :  F
 LandauLevel_B_calc                :  F
 LandauLevel_wavefunction_calc     :  F
 Fit_kp_calc                       :  F
 DMFT_MAG_calc                     :  F
 Translate_to_WS_calc              :  F
 LandauLevel_kplane_calc           :  F
 LandauLevel_k_dos_calc            :  F
 LandauLevel_B_dos_calc            :  F
 FermiLevel_calc                   :  F
 Symmetry_Import_calc              :  F
 ChargeDensity_selected_bands_calc :  F
 ChargeDensity_selected_energies_calc :  F
   
 >>>System parameters: 
 NumSlabs :    30
 Nslab1 for ribbon  :     1
 Nslab2 for ribbon  :     1
 Number of Occupied bands:    12
 Number of total electrons:   12.000000
 With SOC or not in Hrfile:     1
 Fermi energy (eV) :        3.480000
 surf_onsite (eV):         0.000000
 Add_Zeeman_Field:  F
 Zeeman_energy_in_eV (eV):         0.000000
 Electric_field_in_eVpA (eV/Angstrom):         0.000000
 Symmetrical_Electric_field_in_eVpA (eV/Angstrom):         0.000000
 Inner_symmetrical_Electric_Field:  F
 ijmax :    10
   
 **Notes**: There are two ways to specify magnetic field.
 1. specify Bmagnitude, Btheta, Bphi
 2. specify Bx, By, Bz
 Bmagnitude, Bx, By, Bz are real numbers in unit of Tesla. and Bx, By, Bz 
 are in the cartesian coordinates. Btheta is the angle with z axial 
  and Bphi is the angle with respect to x axial in the x-y plane
  Btheta is in [0, 180], Bphi is in [0, 360).
 If you specify both of them together, we will choose the first one.
 If choose the first one, but not specify Btheta, Bphi, then 
 by default we set Btheta=0, Bphi=0 which means B is along z direction.
  
  Warning: You didn't specify the magnitude of magnetic field.
  
 >>You did not specified the magnitude of magnetic field, 
  and also didn't set Bx, By, Bz. So we will set the magnetic direction
  from the settings of Btheta, Bphi.
  If you even didn't set Btheta, Bphi, we will take the default value, 
  Btheta=0, Bphi=0 which means B is along z direction
 >>You didn't set Btheta, and we set it to 0.
 >>You didn't set Bphi, and we set it to 0.
 Bmagnitude (in Tesla) :        1.000000
 Btheta, Bphi :        0.000000        0.000000
 Bx, By, Bz (in Tesla) :        0.000000        0.000000        1.000000
 B direction cosines :        0.000000        0.000000        1.000000
   
 >>>calculation parameters : 
 E_arc :         -0.01000
 Eta_arc :          0.00100
 Gap_threshold         0.00100
 OmegaMin :         -1.20000
 OmegaMax :          1.20000
 OmegaNum :   1500
 OmegaNum_unfold :    200
 Nk1 :    200
 Nk2 :    200
 Nk3 :    300
 NP number of principle layers  :      3
 Tmin(Kelvin)  :        100.00000
 Tmax(Kelvin)  :        100.00000
 NumT  :      1
 NBTau  :      1
 Beta  :        100.00000
 Nslice_BTau_Max  :   5000
 BTauMax(Tesla.ps)         0.00000
 Relaxation_Time_Tau (ps)         1.00000
 Rcut    999999.00000
 Magp               1
 Magp_min               0
 Magp_max               1
 wcc_calc_tol         0.08000
 wcc_neighbour_tol         0.30000
 NumLCZVecs   400
 NumSelectedEigenVals     0
 NumRandomConfs:     1
 Projection weight mode:NORMAL              
 The size of magnetic supercell is Magq= :      30
  
 We found LATTICE card
>> lattice information (Angstrom)
           a           b           c       alpha        beta       gamma
    4.300141    4.300141    6.145861   47.625949   47.625949   47.625949
 Three Lattice vectors of the unfolded cell: 
    4.300141    0.000000    0.000000
    0.000000    4.300141    0.000000
    0.000000    0.000000    6.145861
>> Reciprocal lattice information (1/Angstrom)
           a           b           c       alpha        beta       gamma
    1.461158    1.461158    1.022344  170.075351  170.075351  170.075351
 Three reciprocal lattice vectors of the primitive cell: 
    1.461158    0.000000    0.000000
    0.000000    1.461158    0.000000
    0.000000    0.000000    1.022344
  
 We found ATOM_POSITIONS card
Origin_cell%Num_atoms    4
  
 Warning: You didn't specify the atom magnetic moment in the ATOMIC_POSITION car
 d Or the format is wrong. So we set all the Atom-magnetic-moments to zero.
 
>> Atom position and magnetic moment of Original lattice
                                         Catesian                  Fractional(Direct)         Magnetic moment
------------------------------------------------------------------------------------------------------------------
 index  Atom Name            x           y           z           a           b           c      Mx      My      Mz
------------------------------------------------------------------------------------------------------------------
     1  Ga            4.063044    0.000000    8.428740    0.500000    0.000000    0.725740   0.000   0.000   0.000
     2  Ga            0.000000    4.063044    3.185254    0.000000    0.500000    0.274260   0.000   0.000   0.000
     3  Bi            0.000000    0.000000    0.000000    0.000000    0.000000    0.000000   0.000   0.000   0.000
     4  As            4.063044    4.063044    5.806997    0.500000    0.500000    0.500000   0.000   0.000   0.000
  
 We found PROJECTORS card
 >>Number of projectors per atoms:
     4     4     3     3
Ga      s       px      py      pz      
Ga      s       px      py      pz      
Bi      px      py      pz      
As      px      py      pz      
  
 >> Wannier centers by default, in unit of unit lattice vectors
 iwann        R1        R2        R3         x         y         z
     1  0.500000  0.000000  0.725740  4.063044  0.000000  8.428740
     2  0.500000  0.000000  0.725740  4.063044  0.000000  8.428740
     3  0.500000  0.000000  0.725740  4.063044  0.000000  8.428740
     4  0.500000  0.000000  0.725740  4.063044  0.000000  8.428740
     5  0.000000  0.500000  0.274260  0.000000  4.063044  3.185254
     6  0.000000  0.500000  0.274260  0.000000  4.063044  3.185254
     7  0.000000  0.500000  0.274260  0.000000  4.063044  3.185254
     8  0.000000  0.500000  0.274260  0.000000  4.063044  3.185254
     9  0.000000  0.000000  0.000000  0.000000  0.000000  0.000000
    10  0.000000  0.000000  0.000000  0.000000  0.000000  0.000000
    11  0.000000  0.000000  0.000000  0.000000  0.000000  0.000000
    12  0.500000  0.500000  0.500000  4.063044  4.063044  5.806997
    13  0.500000  0.500000  0.500000  4.063044  4.063044  5.806997
    14  0.500000  0.500000  0.500000  4.063044  4.063044  5.806997
    15  0.500000  0.000000  0.725740  4.063044  0.000000  8.428740
    16  0.500000  0.000000  0.725740  4.063044  0.000000  8.428740
    17  0.500000  0.000000  0.725740  4.063044  0.000000  8.428740
    18  0.500000  0.000000  0.725740  4.063044  0.000000  8.428740
    19  0.000000  0.500000  0.274260  0.000000  4.063044  3.185254
    20  0.000000  0.500000  0.274260  0.000000  4.063044  3.185254
    21  0.000000  0.500000  0.274260  0.000000  4.063044  3.185254
    22  0.000000  0.500000  0.274260  0.000000  4.063044  3.185254
    23  0.000000  0.000000  0.000000  0.000000  0.000000  0.000000
    24  0.000000  0.000000  0.000000  0.000000  0.000000  0.000000
    25  0.000000  0.000000  0.000000  0.000000  0.000000  0.000000
    26  0.500000  0.500000  0.500000  4.063044  4.063044  5.806997
    27  0.500000  0.500000  0.500000  4.063044  4.063044  5.806997
    28  0.500000  0.500000  0.500000  4.063044  4.063044  5.806997
 We didn't found LATTICE_UNFOLD card, so it is the same as the unit cell.
>> Folded lattice information (Angstrom)
           a           b           c       alpha        beta       gamma
    4.300141    4.300141    6.145861   47.625949   47.625949   47.625949
 Three Lattice vectors of unfolded cell: 
    4.300141    0.000000    0.000000
    0.000000    4.300141    0.000000
    0.000000    0.000000    6.145861
>> Folded Reciprocal lattice information (1/Angstrom)
           a           b           c       alpha        beta       gamma
    1.461158    1.461158    1.022344  170.075351  170.075351  170.075351
 Three reciprocal lattice vectors of unfolded cell: 
    1.461158    0.000000    0.000000
    0.000000    1.461158    0.000000
    0.000000    0.000000    1.022344
 
>> The relation between the original lattice and the unfolded lattice
>> The cell volume ratio is:     1.000000
>> The lattice constant a ratio is:     1.000000
>> The lattice constant b ratio is:     1.000000
>> The lattice constant c ratio is:     1.000000
>> Origin_cell in unit of Folded_cell: R1      1.000000    0.000000    0.000000
>> Origin_cell in unit of Folded_cell: R2      0.000000    1.000000    0.000000
>> Origin_cell in unit of Folded_cell: R3      0.000000    0.000000    1.000000
 
 
>>> Atom position and magnetic moment of Unfolded lattice
                                    Catesian(Ang)                  Fractional(Direct)         Magnetic moment
------------------------------------------------------------------------------------------------------------------
 index  Atom Name            x           y           z           a           b           c      Mx      My      Mz
------------------------------------------------------------------------------------------------------------------
     1  Ga            2.150070    0.000000    4.460297    0.500000    0.000000    0.725740   0.000   0.000   0.000
     2  Ga            0.000000    2.150070    1.685564    0.000000    0.500000    0.274260   0.000   0.000   0.000
     3  Bi            0.000000    0.000000    0.000000    0.000000    0.000000    0.000000   0.000   0.000   0.000
     4  As            2.150070    2.150070    3.072931    0.500000    0.500000    0.500000   0.000   0.000   0.000
  
 We found SURFACE card
 
>> new vectors to define the surface (in unit of lattice vector)
 The 1st vector on surface     :    1.000000    0.000000    0.000000
 The 2nd vector on surface     :    0.000000    1.000000    0.000000
 The 3rd vector out of surface :    0.000000    0.000000    1.000000
  
 The rotated new unit cell in cartesian coordinates : 
    8.126089    0.000000    0.000000
    0.000000    8.126089    0.000000
    0.000000    0.000000   11.613994
New cell's Volume is          113.64442Ang^3
  
 Fractional coordinates of atoms in units of new lattice vectors : 
Ga      0.500000    0.000000    0.725740
Ga      0.000000    0.500000    0.274260
Bi      0.000000    0.000000    0.000000
As      0.500000    0.500000    0.500000
  
 
 >> Top surface atom is      1 Ga        
 
 2D Primitive Cell_Volume:    18.4912126198810     
 Ra2, Rb2
    4.3001    0.0000
    0.0000    4.3001
 Ka2, Kb2
    0.4092    0.0000
    0.0000    0.4092
>> lattice information of the magnetic supercell (Angstrom)
    4.300141    0.000000    0.000000
    0.000000    4.300141    0.000000
    0.000000    0.000000  184.375830
>> Reciprocal lattice information of the magnetic supercell (1/Angstrom)
    1.461158    0.000000    0.000000
    0.000000    1.461158    0.000000
    0.000000    0.000000    0.034078
  
3D Primitive Origin_cell%CellVolume:     113.64442248 in Angstrom^3
3D Magnetic supercell Volume:    3409.33267450 in Angstrom^3
Projected area of magnetic supercell normal to the first vector specifed in SURFACE card:    2831.29041451 in Angstrom^2
  
 We found KPATH_BULK card
Number of K lines :     3
 K      0.3333   0.3333   0.0000  G       0.0000   0.0000   0.0000
 G      0.0000   0.0000   0.0000  M       0.0000   0.5000   0.0000
 M      0.0000   0.5000   0.0000  K       0.3333   0.3333   0.0000
  
 We found KPATH_SLAB card
 k lines for 2D system
 No. of k lines for 2D system :            2
  X     0.50000  0.00000    G       0.00000  0.00000
  G     0.00000  0.00000    Y       0.50000  0.50000
  
 We found KPLANE_SLAB card
 >> Kpoints plane for 2D system--> arcs  
K2D_start: -0.5000 -0.5000
The first vector:   1.0000  0.0000
The second vector:   0.0000  1.0000
  
 We found KPLANE_BULK card
 >> Kpoints plane for 3D system--> gapshape  
k3D_start :   0.0000  0.0000  0.5000
The 1st vector:   1.0000  0.0000  0.0000
The 2nd vector:   0.0000  0.5000  0.0000
 >> Kpoints cube for 3D system--> gapshape3D  
k3D_start :  0.0000  0.0000  0.0000
The 1st vector:   1.0000  0.0000  0.0000
The 2nd vector:   0.0000  1.0000  0.0000
The 3rd vector:   0.0000  0.0000  1.0000
kCubeVolume:   2.1827
ReciprocalOrigin_cell%CellVolume:   2.1827
  
  
 >> Using default parameters for Kpoint_3D
>> k points  0.0000 0.0000 0.0000 in unit of reciprocal primitive cell
>> k points  0.0000 0.0000 0.0000 in Cartesian coordinates
  
 >> Using default parameters for effective mass calculation
 >> Effective mass calculation parameters  
>> The    12'th band
>> k step  0.0100 in unit of 1/Angstrom
>> k points  0.0000 0.0000 0.0000 in unit of reciprocal primitive cell
>> k points  0.0000 0.0000 0.0000 in unit of 1/Angstrom
  
 >> We use the default values for k3points_pointmode_direct=[0,0,0]
 >> and Nk3_point_mode = 1
  
 >> We use the default values for k3points_unfold_pointmode_direct=[0,0,0]
 >> and Nk3_unfold_point_mode = 1
  
 >> We use the default values for Single_KPOINT_2D_DIRECT=[0,0]
  
 >> We use the default values for Single_KPOINT_3D_DIRECT=[0,0,0]
 >> Output all atoms weight for surface state spectrum
 > NtopAtoms            4
> TopAtoms 
     1     2     3     4
> NbottomAtoms          4
> BottomAtoms 
     1     2     3     4
 > NtopOrbitals           28
> TopOrbitals 
     1     2     3     4     5     6     7     8     9    10
    11    12    13    14    15    16    17    18    19    20
    21    22    23    24    25    26    27    28
> NBottomOrbitals   28
> BottomOrbitals 
     1     2     3     4     5     6     7     8     9    10
    11    12    13    14    15    16    17    18    19    20
    21    22    23    24    25    26    27    28
  
 >> We do not calculate chirality for nodal lines
  
 >> We do not calculate chirality for weyl points
  
>> There are    1 groups of SelectedAtoms
Group :   1
>> Number of atoms selected         4
>> Selected atoms are
    1  Ga            2  Ga            3  Bi            4  As        
  
>> There are   1 groups of SelectedOrbitals
 >> SelectedOrbitals
>> Number of orbitals selected (including spin degenarcy)        28
>> Orbitals are
       1       2       3       4       5       6       7       8       9      10      11      12
      13      14      15      16      17      18      19      20      21      22      23      24
      25      26      27      28
  
 >> SELECTED_OCCUPIED_BANDS
>> Number of Occupied bands selected         12
>> OccupiedBand indices are
     1     2     3     4     5     6     7     8     9    10    11    12
  
  
 >> SELECTEDBANDS
>> Number of bands selected         28
>> Band indices are
     1     2     3     4     5     6     7     8     9    10    11    12
    13    14    15    16    17    18    19    20    21    22    23    24
    25    26    27    28
  
 <<<Read wt.in file successfully
 
  File wannier90_hr.dat exist, We are using HmnR from wannier90
 >> Num_wann          28
 >> NRPTS         245
  >> Begin to read Hmn_R.data
  
 
  Note: This is not a 2D system or E=0, so we can't add electric field.
 
  << Read Hmn_R.data successfully
  
 >> We finished the symmetry reducing of the kpoints in the kcube
  Number of kpoints mesh is   12000000
  Number of symmetry reduced kpoints is          0
  
  
 >> Start of calculating the Wilson loop
 Wcc integration max_diff, Nk_adaptive  7.390918545091552E-005         128
 Wcc integration max_diff, Nk_adaptive  2.356768195702585E-002          64
 Wcc integration max_diff, Nk_adaptive  1.254391605299965E-002          64
 Wcc integration max_diff, Nk_adaptive  2.031137394631344E-005         128
 Wcc integration max_diff, Nk_adaptive  1.464451880460871E-002          64
 Wcc integration max_diff, Nk_adaptive  9.825707270552542E-003          64
 Wcc integration max_diff, Nk_adaptive  5.394986333625340E-003          64
 Wcc integration max_diff, Nk_adaptive  3.620278474702587E-003          64
 Wcc integration max_diff, Nk_adaptive  3.010807053701825E-003          64
 Wcc integration max_diff, Nk_adaptive  3.001395074020863E-003          64
 Wcc integration max_diff, Nk_adaptive  2.313733441900112E-003          64
 Wcc integration max_diff, Nk_adaptive  1.227549834462671E-002          64
 Wcc integration max_diff, Nk_adaptive  2.194002160969255E-002          64
 Wcc iter:           1
    1   0.00000   0.00000   0.50000 T T   0.05811
    2   0.00000   0.00251   0.50000 T T   0.05698
    3   0.00000   0.00503   0.50000 T T   0.05589
    4   0.00000   0.00754   0.50000 T T   0.05484
    5   0.00000   0.01005   0.50000 T T   0.05386
    6   0.00000   0.01256   0.50000 T T   0.05296
    7   0.00000   0.01508   0.50000 T T   0.05214
    8   0.00000   0.01759   0.50000 T T   0.05140
    9   0.00000   0.02010   0.50000 T T   0.05073
   10   0.00000   0.02261   0.50000 T T   0.05013
   11   0.00000   0.02513   0.50000 T T   0.04960
   12   0.00000   0.02764   0.50000 T T   0.04915
   13   0.00000   0.03015   0.50000 T T   0.04877
   14   0.00000   0.03266   0.50000 T T   0.04847
   15   0.00000   0.03518   0.50000 T T   0.04825
   16   0.00000   0.03769   0.50000 T T   0.04809
   17   0.00000   0.04020   0.50000 T T   0.04800
   18   0.00000   0.04271   0.50000 T T   0.04795
   19   0.00000   0.04523   0.50000 T T   0.04793
   20   0.00000   0.04774   0.50000 T T   0.04796
   21   0.00000   0.05025   0.50000 T T   0.04803
   22   0.00000   0.05276   0.50000 T T   0.04813
   23   0.00000   0.05528   0.50000 T T   0.04825
   24   0.00000   0.05779   0.50000 T T   0.04838
   25   0.00000   0.06030   0.50000 T T   0.04853
   26   0.00000   0.06281   0.50000 T T   0.04869
   27   0.00000   0.06533   0.50000 T T   0.04887
   28   0.00000   0.06784   0.50000 T T   0.04905
   29   0.00000   0.07035   0.50000 T T   0.04924
   30   0.00000   0.07286   0.50000 T T   0.04944
   31   0.00000   0.07538   0.50000 T T   0.04964
   32   0.00000   0.07789   0.50000 T T   0.04984
   33   0.00000   0.08040   0.50000 T T   0.05005
   34   0.00000   0.08291   0.50000 T T   0.05026
   35   0.00000   0.08543   0.50000 T T   0.05047
   36   0.00000   0.08794   0.50000 T T   0.05068
   37   0.00000   0.09045   0.50000 T T   0.05089
   38   0.00000   0.09296   0.50000 T T   0.05110
   39   0.00000   0.09548   0.50000 T T   0.05131
   40   0.00000   0.09799   0.50000 T T   0.05152
   41   0.00000   0.10050   0.50000 T T   0.05173
   42   0.00000   0.10302   0.50000 T T   0.05193
   43   0.00000   0.10553   0.50000 T T   0.05214
   44   0.00000   0.10804   0.50000 T T   0.05234
   45   0.00000   0.11055   0.50000 T T   0.05254
   46   0.00000   0.11307   0.50000 T T   0.05274
   47   0.00000   0.11558   0.50000 T T   0.05292
   48   0.00000   0.11809   0.50000 T T   0.05312
   49   0.00000   0.12060   0.50000 T T   0.05331
   50   0.00000   0.12312   0.50000 T T   0.05349
   51   0.00000   0.12563   0.50000 T T   0.05368
   52   0.00000   0.12814   0.50000 T T   0.05386
   53   0.00000   0.13065   0.50000 T T   0.05403
   54   0.00000   0.13317   0.50000 T T   0.05421
   55   0.00000   0.13568   0.50000 T T   0.05438
   56   0.00000   0.13819   0.50000 T T   0.05455
   57   0.00000   0.14070   0.50000 T T   0.05471
   58   0.00000   0.14322   0.50000 T T   0.05488
   59   0.00000   0.14573   0.50000 T T   0.05503
   60   0.00000   0.14824   0.50000 T T   0.05519
   61   0.00000   0.15075   0.50000 T T   0.05534
   62   0.00000   0.15327   0.50000 T T   0.05549
   63   0.00000   0.15578   0.50000 T T   0.05564
   64   0.00000   0.15829   0.50000 T T   0.05578
   65   0.00000   0.16080   0.50000 T T   0.05592
   66   0.00000   0.16332   0.50000 T T   0.05606
   67   0.00000   0.16583   0.50000 T T   0.05619
   68   0.00000   0.16834   0.50000 T T   0.05632
   69   0.00000   0.17085   0.50000 T T   0.05645
   70   0.00000   0.17337   0.50000 T T   0.05657
   71   0.00000   0.17588   0.50000 T T   0.05669
   72   0.00000   0.17839   0.50000 T T   0.05680
   73   0.00000   0.18090   0.50000 T T   0.05692
   74   0.00000   0.18342   0.50000 T T   0.05703
   75   0.00000   0.18593   0.50000 T T   0.05713
   76   0.00000   0.18844   0.50000 T T   0.05724
   77   0.00000   0.19095   0.50000 T T   0.05734
   78   0.00000   0.19347   0.50000 T T   0.05744
   79   0.00000   0.19598   0.50000 T T   0.05753
   80   0.00000   0.19849   0.50000 T T   0.05762
   81   0.00000   0.20101   0.50000 T T   0.05771
   82   0.00000   0.20352   0.50000 T T   0.05779
   83   0.00000   0.20603   0.50000 T T   0.05788
   84   0.00000   0.20854   0.50000 T T   0.05796
   85   0.00000   0.21106   0.50000 T T   0.05803
   86   0.00000   0.21357   0.50000 T T   0.05811
   87   0.00000   0.21608   0.50000 T T   0.05818
   88   0.00000   0.21859   0.50000 T T   0.05825
   89   0.00000   0.22111   0.50000 T T   0.05831
   90   0.00000   0.22362   0.50000 T T   0.05837
   91   0.00000   0.22613   0.50000 T T   0.05843
   92   0.00000   0.22864   0.50000 T T   0.05849
   93   0.00000   0.23116   0.50000 T T   0.05855
   94   0.00000   0.23367   0.50000 T T   0.05860
   95   0.00000   0.23618   0.50000 T T   0.05865
   96   0.00000   0.23869   0.50000 T T   0.05870
   97   0.00000   0.24121   0.50000 T T   0.05874
   98   0.00000   0.24372   0.50000 T T   0.05879
   99   0.00000   0.24623   0.50000 T T   0.05883
  100   0.00000   0.24874   0.50000 T T   0.05887
  101   0.00000   0.25126   0.50000 T T   0.05890
  102   0.00000   0.25377   0.50000 T T   0.05894
  103   0.00000   0.25628   0.50000 T T   0.05897
  104   0.00000   0.25879   0.50000 T T   0.05900
  105   0.00000   0.26131   0.50000 T T   0.05903
  106   0.00000   0.26382   0.50000 T T   0.05906
  107   0.00000   0.26633   0.50000 T T   0.05908
  108   0.00000   0.26884   0.50000 T T   0.05911
  109   0.00000   0.27136   0.50000 T T   0.05913
  110   0.00000   0.27387   0.50000 T T   0.05915
  111   0.00000   0.27638   0.50000 T T   0.05917
  112   0.00000   0.27889   0.50000 T T   0.05918
  113   0.00000   0.28141   0.50000 T T   0.05920
  114   0.00000   0.28392   0.50000 T T   0.05921
  115   0.00000   0.28643   0.50000 T T   0.05922
  116   0.00000   0.28894   0.50000 T T   0.05923
  117   0.00000   0.29146   0.50000 T T   0.05924
  118   0.00000   0.29397   0.50000 T T   0.05925
  119   0.00000   0.29648   0.50000 T T   0.05926
  120   0.00000   0.29899   0.50000 T T   0.05926
  121   0.00000   0.30151   0.50000 T T   0.05927
  122   0.00000   0.30402   0.50000 T T   0.05927
  123   0.00000   0.30653   0.50000 T T   0.05927
  124   0.00000   0.30905   0.50000 T T   0.05928
  125   0.00000   0.31156   0.50000 T T   0.05927
  126   0.00000   0.31407   0.50000 T T   0.05927
  127   0.00000   0.31658   0.50000 T T   0.05927
  128   0.00000   0.31910   0.50000 T T   0.05927
  129   0.00000   0.32161   0.50000 T T   0.05926
  130   0.00000   0.32412   0.50000 T T   0.05926
  131   0.00000   0.32663   0.50000 T T   0.05925
  132   0.00000   0.32915   0.50000 T T   0.05924
  133   0.00000   0.33166   0.50000 T T   0.05923
  134   0.00000   0.33417   0.50000 T T   0.05922
  135   0.00000   0.33668   0.50000 T T   0.05921
  136   0.00000   0.33920   0.50000 T T   0.05920
  137   0.00000   0.34171   0.50000 T T   0.05919
  138   0.00000   0.34422   0.50000 T T   0.05918
  139   0.00000   0.34673   0.50000 T T   0.05916
  140   0.00000   0.34925   0.50000 T T   0.05915
  141   0.00000   0.35176   0.50000 T T   0.05913
  142   0.00000   0.35427   0.50000 T T   0.05912
  143   0.00000   0.35678   0.50000 T T   0.05910
  144   0.00000   0.35930   0.50000 T T   0.05908
  145   0.00000   0.36181   0.50000 T T   0.05907
  146   0.00000   0.36432   0.50000 T T   0.05905
  147   0.00000   0.36683   0.50000 T T   0.05903
  148   0.00000   0.36935   0.50000 T T   0.05901
  149   0.00000   0.37186   0.50000 T T   0.05899
  150   0.00000   0.37437   0.50000 T T   0.05898
  151   0.00000   0.37688   0.50000 T T   0.05896
  152   0.00000   0.37940   0.50000 T T   0.05894
  153   0.00000   0.38191   0.50000 T T   0.05893
  154   0.00000   0.38442   0.50000 T T   0.05891
  155   0.00000   0.38693   0.50000 T T   0.05889
  156   0.00000   0.38945   0.50000 T T   0.05888
  157   0.00000   0.39196   0.50000 T T   0.05887
  158   0.00000   0.39447   0.50000 T T   0.05886
  159   0.00000   0.39698   0.50000 T T   0.05885
  160   0.00000   0.39950   0.50000 T T   0.05885
  161   0.00000   0.40201   0.50000 T T   0.05884
  162   0.00000   0.40452   0.50000 T T   0.05884
  163   0.00000   0.40704   0.50000 T T   0.05885
  164   0.00000   0.40955   0.50000 T T   0.05885
  165   0.00000   0.41206   0.50000 T T   0.05887
  166   0.00000   0.41457   0.50000 T T   0.05888
  167   0.00000   0.41709   0.50000 T T   0.05890
  168   0.00000   0.41960   0.50000 T T   0.05893
  169   0.00000   0.42211   0.50000 T T   0.05897
  170   0.00000   0.42462   0.50000 T T   0.05901
  171   0.00000   0.42714   0.50000 T T   0.05906
  172   0.00000   0.42965   0.50000 T T   0.05912
  173   0.00000   0.43216   0.50000 T T   0.05919
  174   0.00000   0.43467   0.50000 T T   0.05927
  175   0.00000   0.43719   0.50000 T T   0.05936
  176   0.00000   0.43970   0.50000 T T   0.05947
  177   0.00000   0.44221   0.50000 T T   0.05958
  178   0.00000   0.44472   0.50000 T T   0.05971
  179   0.00000   0.44724   0.50000 T T   0.05984
  180   0.00000   0.44975   0.50000 T T   0.05999
  181   0.00000   0.45226   0.50000 T T   0.06016
  182   0.00000   0.45477   0.50000 T T   0.06033
  183   0.00000   0.45729   0.50000 T T   0.06051
  184   0.00000   0.45980   0.50000 T T   0.06069
  185   0.00000   0.46231   0.50000 T T   0.06088
  186   0.00000   0.46482   0.50000 T T   0.06106
  187   0.00000   0.46734   0.50000 T T   0.06123
  188   0.00000   0.46985   0.50000 T T   0.06138
  189   0.00000   0.47236   0.50000 T T   0.06151
  190   0.00000   0.47487   0.50000 T T   0.06161
  191   0.00000   0.47739   0.50000 T T   0.06171
  192   0.00000   0.47990   0.50000 T T   0.06180
  193   0.00000   0.48241   0.50000 T T   0.06190
  194   0.00000   0.48492   0.50000 T T   0.06203
  195   0.00000   0.48744   0.50000 T T   0.06218
  196   0.00000   0.48995   0.50000 T T   0.06236
  197   0.00000   0.49246   0.50000 T T   0.06257
  198   0.00000   0.49497   0.50000 T T   0.06280
  199   0.00000   0.49749   0.50000 T T   0.06305
  200   0.00000   0.50000   0.50000 T T   0.06331
 Z2 for the plane you choose:            0
 Time cost for WannierCenter is about            1.101 s
 << End of calculating the Wilson loop
  
 Time cost for whole program is about            1.731 s
  
  
  =======================================================================
  Congratulations! you finished the calculation.
  I hope you could find something useful from this calculation.
  If so, I would like to ask you to cite our this paper:
  
  WannierTools : An open-source software package for novel topological materials
  QuanSheng Wu and ShengNan Zhang and Hai-Feng Song and Matthias Troyer and Alexey A. Soluyanov
  Computer Physics Communications 224, 405 (2018)
  https://doi.org/10.1016/j.cpc.2017.09.033
  
  For bugs, please report to wuquansheng@gmail.com                   
  or wanniertools@groups.google.com.                 
  More information could find on www.wanniertools.com            
  See you next time :)
  =======================================================================
